# JRE version: OpenJDK Runtime Environment (11.0.5+10) (build 11.0.5+10-post-Ubuntu-0ubuntu1.118.04)
# Java VM: OpenJDK 64-Bit Server VM (11.0.5+10-post-Ubuntu-0ubuntu1.118.04, mixed mode, sharing, tiered, compressed oops, serial gc, linux-amd64)
Heap:
 def new generation   total 44032K, used 4817K [0x00000000c0000000, 0x00000000c2fc0000, 0x00000000d5550000)
  eden space 39168K,  12% used [0x00000000c0000000, 0x00000000c04b4718, 0x00000000c2640000)
  from space 4864K,   0% used [0x00000000c2b00000, 0x00000000c2b00000, 0x00000000c2fc0000)
  to   space 4864K,   0% used [0x00000000c2640000, 0x00000000c2640000, 0x00000000c2b00000)
 tenured generation   total 99264K, used 99264K [0x00000000d5550000, 0x00000000db640000, 0x0000000100000000)
   the space 99264K, 100% used [0x00000000d5550000, 0x00000000db640000, 0x00000000db640000, 0x00000000db640000)
 Metaspace       used 42974K, capacity 43879K, committed 44416K, reserved 1087488K
  class space    used 5931K, capacity 6215K, committed 6272K, reserved 1048576K
GC Heap History (20 events):
Event: 19.868 GC heap after
{Heap after GC invocations=68 (full 4):
 def new generation   total 24320K, used 2687K [0x00000000c0000000, 0x00000000c1a60000, 0x00000000d5550000)
  eden space 21632K,   0% used [0x00000000c0000000, 0x00000000c0000000, 0x00000000c1520000)
  from space 2688K,  99% used [0x00000000c17c0000, 0x00000000c1a5fff8, 0x00000000c1a60000)
  to   space 2688K,   0% used [0x00000000c1520000, 0x00000000c1520000, 0x00000000c17c0000)
 tenured generation   total 53720K, used 34264K [0x00000000d5550000, 0x00000000d89c6000, 0x0000000100000000)
   the space 53720K,  63% used [0x00000000d5550000, 0x00000000d76c6360, 0x00000000d76c6400, 0x00000000d89c6000)
 Metaspace       used 42974K, capacity 43879K, committed 44416K, reserved 1087488K
  class space    used 5931K, capacity 6215K, committed 6272K, reserved 1048576K
}
Event: 20.090 GC heap before
{Heap before GC invocations=68 (full 4):
 def new generation   total 24320K, used 24319K [0x00000000c0000000, 0x00000000c1a60000, 0x00000000d5550000)
  eden space 21632K, 100% used [0x00000000c0000000, 0x00000000c1520000, 0x00000000c1520000)
  from space 2688K,  99% used [0x00000000c17c0000, 0x00000000c1a5fff8, 0x00000000c1a60000)
  to   space 2688K,   0% used [0x00000000c1520000, 0x00000000c1520000, 0x00000000c17c0000)
 tenured generation   total 53720K, used 34264K [0x00000000d5550000, 0x00000000d89c6000, 0x0000000100000000)
   the space 53720K,  63% used [0x00000000d5550000, 0x00000000d76c6360, 0x00000000d76c6400, 0x00000000d89c6000)
 Metaspace       used 42974K, capacity 43879K, committed 44416K, reserved 1087488K
  class space    used 5931K, capacity 6215K, committed 6272K, reserved 1048576K
}
Event: 20.105 GC heap after
{Heap after GC invocations=69 (full 4):
 def new generation   total 24320K, used 2688K [0x00000000c0000000, 0x00000000c1a60000, 0x00000000d5550000)
  eden space 21632K,   0% used [0x00000000c0000000, 0x00000000c0000000, 0x00000000c1520000)
  from space 2688K, 100% used [0x00000000c1520000, 0x00000000c17c0000, 0x00000000c17c0000)
  to   space 2688K,   0% used [0x00000000c17c0000, 0x00000000c17c0000, 0x00000000c1a60000)
 tenured generation   total 53720K, used 39082K [0x00000000d5550000, 0x00000000d89c6000, 0x0000000100000000)
   the space 53720K,  72% used [0x00000000d5550000, 0x00000000d7b7a828, 0x00000000d7b7aa00, 0x00000000d89c6000)
 Metaspace       used 42974K, capacity 43879K, committed 44416K, reserved 1087488K
  class space    used 5931K, capacity 6215K, committed 6272K, reserved 1048576K
}
Event: 20.325 GC heap before
{Heap before GC invocations=69 (full 4):
 def new generation   total 24320K, used 24320K [0x00000000c0000000, 0x00000000c1a60000, 0x00000000d5550000)
  eden space 21632K, 100% used [0x00000000c0000000, 0x00000000c1520000, 0x00000000c1520000)
  from space 2688K, 100% used [0x00000000c1520000, 0x00000000c17c0000, 0x00000000c17c0000)
  to   space 2688K,   0% used [0x00000000c17c0000, 0x00000000c17c0000, 0x00000000c1a60000)
 tenured generation   total 53720K, used 39082K [0x00000000d5550000, 0x00000000d89c6000, 0x0000000100000000)
   the space 53720K,  72% used [0x00000000d5550000, 0x00000000d7b7a828, 0x00000000d7b7aa00, 0x00000000d89c6000)
 Metaspace       used 42974K, capacity 43879K, committed 44416K, reserved 1087488K
  class space    used 5931K, capacity 6215K, committed 6272K, reserved 1048576K
}
Event: 20.339 GC heap after
{Heap after GC invocations=70 (full 4):
 def new generation   total 24320K, used 2687K [0x00000000c0000000, 0x00000000c1a60000, 0x00000000d5550000)
  eden space 21632K,   0% used [0x00000000c0000000, 0x00000000c0000000, 0x00000000c1520000)
  from space 2688K,  99% used [0x00000000c17c0000, 0x00000000c1a5fff8, 0x00000000c1a60000)
  to   space 2688K,   0% used [0x00000000c1520000, 0x00000000c1520000, 0x00000000c17c0000)
 tenured generation   total 53720K, used 43899K [0x00000000d5550000, 0x00000000d89c6000, 0x0000000100000000)
   the space 53720K,  81% used [0x00000000d5550000, 0x00000000d802ed40, 0x00000000d802ee00, 0x00000000d89c6000)
 Metaspace       used 42974K, capacity 43879K, committed 44416K, reserved 1087488K
  class space    used 5931K, capacity 6215K, committed 6272K, reserved 1048576K
}
Event: 20.560 GC heap before
{Heap before GC invocations=70 (full 4):
 def new generation   total 24320K, used 24319K [0x00000000c0000000, 0x00000000c1a60000, 0x00000000d5550000)
  eden space 21632K, 100% used [0x00000000c0000000, 0x00000000c1520000, 0x00000000c1520000)
  from space 2688K,  99% used [0x00000000c17c0000, 0x00000000c1a5fff8, 0x00000000c1a60000)
  to   space 2688K,   0% used [0x00000000c1520000, 0x00000000c1520000, 0x00000000c17c0000)
 tenured generation   total 53720K, used 43899K [0x00000000d5550000, 0x00000000d89c6000, 0x0000000100000000)
   the space 53720K,  81% used [0x00000000d5550000, 0x00000000d802ed40, 0x00000000d802ee00, 0x00000000d89c6000)
 Metaspace       used 42974K, capacity 43879K, committed 44416K, reserved 1087488K
  class space    used 5931K, capacity 6215K, committed 6272K, reserved 1048576K
}
Event: 20.573 GC heap after
{Heap after GC invocations=71 (full 4):
 def new generation   total 24320K, used 2688K [0x00000000c0000000, 0x00000000c1a60000, 0x00000000d5550000)
  eden space 21632K,   0% used [0x00000000c0000000, 0x00000000c0000000, 0x00000000c1520000)
  from space 2688K, 100% used [0x00000000c1520000, 0x00000000c17c0000, 0x00000000c17c0000)
  to   space 2688K,   0% used [0x00000000c17c0000, 0x00000000c17c0000, 0x00000000c1a60000)
 tenured generation   total 53720K, used 48716K [0x00000000d5550000, 0x00000000d89c6000, 0x0000000100000000)
   the space 53720K,  90% used [0x00000000d5550000, 0x00000000d84e3208, 0x00000000d84e3400, 0x00000000d89c6000)
 Metaspace       used 42974K, capacity 43879K, committed 44416K, reserved 1087488K
  class space    used 5931K, capacity 6215K, committed 6272K, reserved 1048576K
}
Event: 20.800 GC heap before
{Heap before GC invocations=71 (full 4):
 def new generation   total 24320K, used 24320K [0x00000000c0000000, 0x00000000c1a60000, 0x00000000d5550000)
  eden space 21632K, 100% used [0x00000000c0000000, 0x00000000c1520000, 0x00000000c1520000)
  from space 2688K, 100% used [0x00000000c1520000, 0x00000000c17c0000, 0x00000000c17c0000)
  to   space 2688K,   0% used [0x00000000c17c0000, 0x00000000c17c0000, 0x00000000c1a60000)
 tenured generation   total 53720K, used 48716K [0x00000000d5550000, 0x00000000d89c6000, 0x0000000100000000)
   the space 53720K,  90% used [0x00000000d5550000, 0x00000000d84e3208, 0x00000000d84e3400, 0x00000000d89c6000)
 Metaspace       used 42974K, capacity 43879K, committed 44416K, reserved 1087488K
  class space    used 5931K, capacity 6215K, committed 6272K, reserved 1048576K
}
Event: 20.814 GC heap after
{Heap after GC invocations=72 (full 4):
 def new generation   total 24320K, used 2688K [0x00000000c0000000, 0x00000000c1a60000, 0x00000000d5550000)
  eden space 21632K,   0% used [0x00000000c0000000, 0x00000000c0000000, 0x00000000c1520000)
  from space 2688K, 100% used [0x00000000c17c0000, 0x00000000c1a60000, 0x00000000c1a60000)
  to   space 2688K,   0% used [0x00000000c1520000, 0x00000000c1520000, 0x00000000c17c0000)
 tenured generation   total 53720K, used 53533K [0x00000000d5550000, 0x00000000d89c6000, 0x0000000100000000)
   the space 53720K,  99% used [0x00000000d5550000, 0x00000000d8997720, 0x00000000d8997800, 0x00000000d89c6000)
 Metaspace       used 42974K, capacity 43879K, committed 44416K, reserved 1087488K
  class space    used 5931K, capacity 6215K, committed 6272K, reserved 1048576K
}
Event: 21.052 GC heap before
{Heap before GC invocations=72 (full 4):
 def new generation   total 24320K, used 24320K [0x00000000c0000000, 0x00000000c1a60000, 0x00000000d5550000)
  eden space 21632K, 100% used [0x00000000c0000000, 0x00000000c1520000, 0x00000000c1520000)
  from space 2688K, 100% used [0x00000000c17c0000, 0x00000000c1a60000, 0x00000000c1a60000)
  to   space 2688K,   0% used [0x00000000c1520000, 0x00000000c1520000, 0x00000000c17c0000)
 tenured generation   total 53720K, used 53533K [0x00000000d5550000, 0x00000000d89c6000, 0x0000000100000000)
   the space 53720K,  99% used [0x00000000d5550000, 0x00000000d8997720, 0x00000000d8997800, 0x00000000d89c6000)
 Metaspace       used 42974K, capacity 43879K, committed 44416K, reserved 1087488K
  class space    used 5931K, capacity 6215K, committed 6272K, reserved 1048576K
}
Event: 21.178 GC heap after
{Heap after GC invocations=73 (full 5):
 def new generation   total 44032K, used 2512K [0x00000000c0000000, 0x00000000c2fc0000, 0x00000000d5550000)
  eden space 39168K,   6% used [0x00000000c0000000, 0x00000000c02740a0, 0x00000000c2640000)
  from space 4864K,   0% used [0x00000000c2640000, 0x00000000c2640000, 0x00000000c2b00000)
  to   space 4864K,   0% used [0x00000000c2b00000, 0x00000000c2b00000, 0x00000000c2fc0000)
 tenured generation   total 97536K, used 58519K [0x00000000d5550000, 0x00000000db490000, 0x0000000100000000)
   the space 97536K,  59% used [0x00000000d5550000, 0x00000000d8e75fc8, 0x00000000d8e76000, 0x00000000db490000)
 Metaspace       used 42974K, capacity 43879K, committed 44416K, reserved 1087488K
  class space    used 5931K, capacity 6215K, committed 6272K, reserved 1048576K
}
Event: 21.560 GC heap before
{Heap before GC invocations=73 (full 5):
 def new generation   total 44032K, used 39168K [0x00000000c0000000, 0x00000000c2fc0000, 0x00000000d5550000)
  eden space 39168K, 100% used [0x00000000c0000000, 0x00000000c2640000, 0x00000000c2640000)
  from space 4864K,   0% used [0x00000000c2640000, 0x00000000c2640000, 0x00000000c2b00000)
  to   space 4864K,   0% used [0x00000000c2b00000, 0x00000000c2b00000, 0x00000000c2fc0000)
 tenured generation   total 97536K, used 58519K [0x00000000d5550000, 0x00000000db490000, 0x0000000100000000)
   the space 97536K,  59% used [0x00000000d5550000, 0x00000000d8e75fc8, 0x00000000d8e76000, 0x00000000db490000)
 Metaspace       used 42974K, capacity 43879K, committed 44416K, reserved 1087488K
  class space    used 5931K, capacity 6215K, committed 6272K, reserved 1048576K
}
Event: 21.608 GC heap after
{Heap after GC invocations=74 (full 5):
 def new generation   total 44032K, used 4864K [0x00000000c0000000, 0x00000000c2fc0000, 0x00000000d5550000)
  eden space 39168K,   0% used [0x00000000c0000000, 0x00000000c0000000, 0x00000000c2640000)
  from space 4864K, 100% used [0x00000000c2b00000, 0x00000000c2fc0000, 0x00000000c2fc0000)
  to   space 4864K,   0% used [0x00000000c2640000, 0x00000000c2640000, 0x00000000c2b00000)
 tenured generation   total 97536K, used 64336K [0x00000000d5550000, 0x00000000db490000, 0x0000000100000000)
   the space 97536K,  65% used [0x00000000d5550000, 0x00000000d9424098, 0x00000000d9424200, 0x00000000db490000)
 Metaspace       used 42974K, capacity 43879K, committed 44416K, reserved 1087488K
  class space    used 5931K, capacity 6215K, committed 6272K, reserved 1048576K
}
Event: 22.008 GC heap before
{Heap before GC invocations=74 (full 5):
 def new generation   total 44032K, used 44032K [0x00000000c0000000, 0x00000000c2fc0000, 0x00000000d5550000)
  eden space 39168K, 100% used [0x00000000c0000000, 0x00000000c2640000, 0x00000000c2640000)
  from space 4864K, 100% used [0x00000000c2b00000, 0x00000000c2fc0000, 0x00000000c2fc0000)
  to   space 4864K,   0% used [0x00000000c2640000, 0x00000000c2640000, 0x00000000c2b00000)
 tenured generation   total 97536K, used 64336K [0x00000000d5550000, 0x00000000db490000, 0x0000000100000000)
   the space 97536K,  65% used [0x00000000d5550000, 0x00000000d9424098, 0x00000000d9424200, 0x00000000db490000)
 Metaspace       used 42974K, capacity 43879K, committed 44416K, reserved 1087488K
  class space    used 5931K, capacity 6215K, committed 6272K, reserved 1048576K
}
Event: 22.043 GC heap after
{Heap after GC invocations=75 (full 5):
 def new generation   total 44032K, used 4864K [0x00000000c0000000, 0x00000000c2fc0000, 0x00000000d5550000)
  eden space 39168K,   0% used [0x00000000c0000000, 0x00000000c0000000, 0x00000000c2640000)
  from space 4864K, 100% used [0x00000000c2640000, 0x00000000c2b00000, 0x00000000c2b00000)
  to   space 4864K,   0% used [0x00000000c2b00000, 0x00000000c2b00000, 0x00000000c2fc0000)
 tenured generation   total 97536K, used 73063K [0x00000000d5550000, 0x00000000db490000, 0x0000000100000000)
   the space 97536K,  74% used [0x00000000d5550000, 0x00000000d9ca9f10, 0x00000000d9caa000, 0x00000000db490000)
 Metaspace       used 42974K, capacity 43879K, committed 44416K, reserved 1087488K
  class space    used 5931K, capacity 6215K, committed 6272K, reserved 1048576K
}
Event: 22.447 GC heap before
{Heap before GC invocations=75 (full 5):
 def new generation   total 44032K, used 44032K [0x00000000c0000000, 0x00000000c2fc0000, 0x00000000d5550000)
  eden space 39168K, 100% used [0x00000000c0000000, 0x00000000c2640000, 0x00000000c2640000)
  from space 4864K, 100% used [0x00000000c2640000, 0x00000000c2b00000, 0x00000000c2b00000)
  to   space 4864K,   0% used [0x00000000c2b00000, 0x00000000c2b00000, 0x00000000c2fc0000)
 tenured generation   total 97536K, used 73063K [0x00000000d5550000, 0x00000000db490000, 0x0000000100000000)
   the space 97536K,  74% used [0x00000000d5550000, 0x00000000d9ca9f10, 0x00000000d9caa000, 0x00000000db490000)
 Metaspace       used 42974K, capacity 43879K, committed 44416K, reserved 1087488K
  class space    used 5931K, capacity 6215K, committed 6272K, reserved 1048576K
}
Event: 22.480 GC heap after
{Heap after GC invocations=76 (full 5):
 def new generation   total 44032K, used 4863K [0x00000000c0000000, 0x00000000c2fc0000, 0x00000000d5550000)
  eden space 39168K,   0% used [0x00000000c0000000, 0x00000000c0000000, 0x00000000c2640000)
  from space 4864K,  99% used [0x00000000c2b00000, 0x00000000c2fbfff8, 0x00000000c2fc0000)
  to   space 4864K,   0% used [0x00000000c2640000, 0x00000000c2640000, 0x00000000c2b00000)
 tenured generation   total 97536K, used 81762K [0x00000000d5550000, 0x00000000db490000, 0x0000000100000000)
   the space 97536K,  83% used [0x00000000d5550000, 0x00000000da5289a8, 0x00000000da528a00, 0x00000000db490000)
 Metaspace       used 42974K, capacity 43879K, committed 44416K, reserved 1087488K
  class space    used 5931K, capacity 6215K, committed 6272K, reserved 1048576K
}
Event: 22.884 GC heap before
{Heap before GC invocations=76 (full 5):
 def new generation   total 44032K, used 44031K [0x00000000c0000000, 0x00000000c2fc0000, 0x00000000d5550000)
  eden space 39168K, 100% used [0x00000000c0000000, 0x00000000c2640000, 0x00000000c2640000)
  from space 4864K,  99% used [0x00000000c2b00000, 0x00000000c2fbfff8, 0x00000000c2fc0000)
  to   space 4864K,   0% used [0x00000000c2640000, 0x00000000c2640000, 0x00000000c2b00000)
 tenured generation   total 97536K, used 81762K [0x00000000d5550000, 0x00000000db490000, 0x0000000100000000)
   the space 97536K,  83% used [0x00000000d5550000, 0x00000000da5289a8, 0x00000000da528a00, 0x00000000db490000)
 Metaspace       used 42974K, capacity 43879K, committed 44416K, reserved 1087488K
  class space    used 5931K, capacity 6215K, committed 6272K, reserved 1048576K
}
Event: 22.918 GC heap after
{Heap after GC invocations=77 (full 5):
 def new generation   total 44032K, used 4863K [0x00000000c0000000, 0x00000000c2fc0000, 0x00000000d5550000)
  eden space 39168K,   0% used [0x00000000c0000000, 0x00000000c0000000, 0x00000000c2640000)
  from space 4864K,  99% used [0x00000000c2640000, 0x00000000c2affff8, 0x00000000c2b00000)
  to   space 4864K,   0% used [0x00000000c2b00000, 0x00000000c2b00000, 0x00000000c2fc0000)
 tenured generation   total 97536K, used 90490K [0x00000000d5550000, 0x00000000db490000, 0x0000000100000000)
   the space 97536K,  92% used [0x00000000d5550000, 0x00000000dadae868, 0x00000000dadaea00, 0x00000000db490000)
 Metaspace       used 42974K, capacity 43879K, committed 44416K, reserved 1087488K
  class space    used 5931K, capacity 6215K, committed 6272K, reserved 1048576K
}
Event: 23.324 GC heap before
{Heap before GC invocations=77 (full 5):
 def new generation   total 44032K, used 44031K [0x00000000c0000000, 0x00000000c2fc0000, 0x00000000d5550000)
  eden space 39168K, 100% used [0x00000000c0000000, 0x00000000c2640000, 0x00000000c2640000)
  from space 4864K,  99% used [0x00000000c2640000, 0x00000000c2affff8, 0x00000000c2b00000)
  to   space 4864K,   0% used [0x00000000c2b00000, 0x00000000c2b00000, 0x00000000c2fc0000)
 tenured generation   total 97536K, used 90490K [0x00000000d5550000, 0x00000000db490000, 0x0000000100000000)
   the space 97536K,  92% used [0x00000000d5550000, 0x00000000dadae868, 0x00000000dadaea00, 0x00000000db490000)
 Metaspace       used 42974K, capacity 43879K, committed 44416K, reserved 1087488K
  class space    used 5931K, capacity 6215K, committed 6272K, reserved 1048576K
}

